*** Using Compiler 'V5.06 update 1 (build 61)', folder: 'D:\Program Files\Keil_v5\ARM\ARMCC\Bin'
Rebuild target 'Tsimen_FixCode'
assembling startup_stm32f103xb.s...
compiling stm32f1xx_hal.c...
compiling stm32f1xx_hal_msp.c...
compiling adc.c...
compiling stm32f1xx_it.c...
compiling sht30_i2c_driver.c...
compiling i2c.c...
compiling dma.c...
compiling tim.c...
compiling stm32f1xx_hal_adc_ex.c...
compiling gpio.c...
compiling stm32f1xx_hal_gpio_ex.c...
compiling usart.c...
compiling stm32f1xx_hal_rcc.c...
compiling main.c...
../Core/Src/main.c(236): warning:  #167-D: argument of type "uint8_t *" is incompatible with parameter of type "char *restrict"
            strcat(Ver,MAC);
../Core/Src/main.c(236): warning:  #167-D: argument of type "uint8_t *" is incompatible with parameter of type "const char *restrict"
            strcat(Ver,MAC);
../Core/Src/main.c: 2 warnings, 0 errors
compiling stm32f1xx_hal_adc.c...
compiling stm32f1xx_hal_flash_ex.c...
compiling stm32f1xx_hal_flash.c...
compiling stm32f1xx_hal_pwr.c...
compiling system_stm32f1xx.c...
compiling stm32f1xx_hal_rcc_ex.c...
compiling stm32f1xx_hal_gpio.c...
compiling stm32f1xx_hal_cortex.c...
compiling stm32f1xx_hal_tim_ex.c...
compiling stm32f1xx_hal_exti.c...
compiling stm32f1xx_hal_dma.c...
compiling stm32f1xx_hal_uart.c...
compiling stm32f1xx_hal_i2c.c...
compiling stm32f1xx_hal_tim.c...
linking...
Program Size: Code=24180 RO-data=480 RW-data=304 ZI-data=14880  
FromELF: creating hex file...
"Tsimen_FixCode\Tsimen_FixCode.axf" - 0 Error(s), 2 Warning(s).
Build Time Elapsed:  00:00:09
